<?xml version="1.0" encoding="UTF-8"?>
<testng-results ignored="0" total="1" passed="1" failed="0" skipped="0">
  <reporter-output>
  </reporter-output>
  <suite started-at="2024-09-04T19:48:28 IST" name="Suite" finished-at="2024-09-04T19:49:46 IST" duration-ms="78298">
    <groups>
    </groups>
    <test started-at="2024-09-04T19:48:28 IST" name="Test" finished-at="2024-09-04T19:49:46 IST" duration-ms="78298">
      <class name="Testng.Amazon">
        <test-method signature="vishnu()[pri:0, instance:Testng.Amazon@306e95ec]" started-at="2024-09-04T19:48:28 IST" name="vishnu" finished-at="2024-09-04T19:49:46 IST" duration-ms="78234" status="PASS">
          <reporter-output>
          </reporter-output>
        </test-method> <!-- vishnu -->
      </class> <!-- Testng.Amazon -->
    </test> <!-- Test -->
  </suite> <!-- Suite -->
</testng-results>
